2020-12-01 20:03:27,324 [Worker-1: Loading available Gradle versions] INFO  o.e.b.c.i.u.g.PublishedGradleVersions - Gradle version information cache is up-to-date. Trying to read.
2020-12-01 20:07:07,414 [Worker-9: Import Getting Started Content] INFO  o.e.m.c.i.l.LifecycleMappingFactory - Using org.eclipse.m2e.jdt.JarLifecycleMapping lifecycle mapping for MavenProject: com.microservices.springboot:Service-Registry:0.0.1-SNAPSHOT @ C:\Users\tchand\Software\JavaWorkspace\Microservices_Workspace\MicroserviceWS2\Service-Registry\pom.xml.
2020-12-01 20:07:19,021 [Worker-9: Import Getting Started Content] INFO  o.e.m.j.i.AbstractJavaProjectConfigurator - Adding source folder /Service-Registry/src/main/java
2020-12-01 20:07:19,022 [Worker-9: Import Getting Started Content] INFO  o.e.m.j.i.AbstractJavaProjectConfigurator - Adding resource folder /Service-Registry/src/main/resources
2020-12-01 20:07:19,057 [Worker-9: Import Getting Started Content] INFO  o.e.m.j.i.AbstractJavaProjectConfigurator - Adding resource folder /Service-Registry/src/main/resources
2020-12-01 20:07:19,094 [Worker-9: Import Getting Started Content] INFO  o.e.m.j.i.AbstractJavaProjectConfigurator - Adding source folder /Service-Registry/src/test/java
2020-12-01 20:07:25,270 [Worker-9: Import Getting Started Content] INFO  o.e.m.c.i.p.ProjectConfigurationManager - Imported and configured 1 project(s) in 26 sec
2020-12-01 20:07:25,279 [Worker-9: Import Getting Started Content] INFO  o.e.m.c.i.p.ProjectConfigurationManager - Update started
2020-12-01 20:07:28,363 [Worker-9: Import Getting Started Content] INFO  o.e.m.c.i.l.LifecycleMappingFactory - Using org.eclipse.m2e.jdt.JarLifecycleMapping lifecycle mapping for MavenProject: com.microservices.springboot:Service-Registry:0.0.1-SNAPSHOT @ C:\Users\tchand\Software\JavaWorkspace\Microservices_Workspace\MicroserviceWS2\Service-Registry\pom.xml.
2020-12-01 20:07:36,722 [Worker-9: Import Getting Started Content] INFO  o.e.m.j.i.AbstractJavaProjectConfigurator - Adding source folder /Service-Registry/src/main/java
2020-12-01 20:07:36,723 [Worker-9: Import Getting Started Content] INFO  o.e.m.j.i.AbstractJavaProjectConfigurator - Adding resource folder /Service-Registry/src/main/resources
2020-12-01 20:07:36,724 [Worker-9: Import Getting Started Content] INFO  o.e.m.j.i.AbstractJavaProjectConfigurator - Adding resource folder /Service-Registry/src/main/resources
2020-12-01 20:07:36,725 [Worker-9: Import Getting Started Content] INFO  o.e.m.j.i.AbstractJavaProjectConfigurator - Adding source folder /Service-Registry/src/test/java
2020-12-01 20:07:40,841 [Worker-9: Import Getting Started Content] INFO  o.e.m.c.i.p.ProjectConfigurationManager - Update completed: 15 sec
2020-12-01 20:07:46,161 [Worker-9: Building] INFO  o.e.m.c.i.embedder.EclipseLogger - Using 'UTF-8' encoding to copy filtered resources.
2020-12-01 20:07:46,162 [Worker-9: Building] INFO  o.e.m.c.i.embedder.EclipseLogger - Using 'UTF-8' encoding to copy filtered properties files.
2020-12-01 20:07:46,172 [Worker-9: Building] INFO  o.e.m.c.i.embedder.EclipseLogger - Copying 1 resource
2020-12-01 20:07:46,201 [Worker-9: Building] INFO  o.e.m.c.i.embedder.EclipseLogger - Copying 0 resource
2020-12-01 20:07:46,201 [Worker-9: Building] INFO  o.e.m.c.i.embedder.EclipseLogger - The encoding used to copy filtered properties files have not been set. This means that the same encoding will be used to copy filtered properties files as when copying other filtered resources. This might not be what you want! Run your build with --debug to see which files might be affected. Read more at https://maven.apache.org/plugins/maven-resources-plugin/examples/filtering-properties-files.html
2020-12-01 20:07:46,206 [Worker-9: Building] INFO  o.e.m.c.i.embedder.EclipseLogger - Using 'UTF-8' encoding to copy filtered resources.
2020-12-01 20:07:46,206 [Worker-9: Building] INFO  o.e.m.c.i.embedder.EclipseLogger - Using 'UTF-8' encoding to copy filtered properties files.
2020-12-01 20:07:46,206 [Worker-9: Building] INFO  o.e.m.c.i.embedder.EclipseLogger - skip non existing resourceDirectory C:\Users\tchand\Software\JavaWorkspace\Microservices_Workspace\MicroserviceWS2\Service-Registry\src\test\resources
2020-12-01 20:08:31,986 [Worker-13: Building] INFO  o.e.m.c.i.embedder.EclipseLogger - Using 'UTF-8' encoding to copy filtered resources.
2020-12-01 20:08:31,986 [Worker-13: Building] INFO  o.e.m.c.i.embedder.EclipseLogger - Using 'UTF-8' encoding to copy filtered properties files.
2020-12-01 20:08:31,990 [Worker-13: Building] INFO  o.e.m.c.i.embedder.EclipseLogger - Copying 1 resource
2020-12-01 20:08:32,004 [Worker-13: Building] INFO  o.e.m.c.i.embedder.EclipseLogger - Copying 0 resource
2020-12-01 20:08:32,007 [Worker-13: Building] INFO  o.e.m.c.i.embedder.EclipseLogger - Using 'UTF-8' encoding to copy filtered resources.
2020-12-01 20:08:32,007 [Worker-13: Building] INFO  o.e.m.c.i.embedder.EclipseLogger - Using 'UTF-8' encoding to copy filtered properties files.
2020-12-01 20:08:32,007 [Worker-13: Building] INFO  o.e.m.c.i.embedder.EclipseLogger - skip non existing resourceDirectory C:\Users\tchand\Software\JavaWorkspace\Microservices_Workspace\MicroserviceWS2\Service-Registry\src\test\resources
2020-12-01 20:10:17,265 [Worker-15: Building] INFO  o.e.m.c.i.embedder.EclipseLogger - Using 'UTF-8' encoding to copy filtered resources.
2020-12-01 20:10:17,265 [Worker-15: Building] INFO  o.e.m.c.i.embedder.EclipseLogger - Using 'UTF-8' encoding to copy filtered properties files.
2020-12-01 20:10:17,266 [Worker-15: Building] INFO  o.e.m.c.i.embedder.EclipseLogger - Copying 1 resource
2020-12-01 20:10:17,330 [Worker-15: Building] INFO  o.e.m.c.i.embedder.EclipseLogger - Using 'UTF-8' encoding to copy filtered resources.
2020-12-01 20:10:17,330 [Worker-15: Building] INFO  o.e.m.c.i.embedder.EclipseLogger - Using 'UTF-8' encoding to copy filtered properties files.
2020-12-01 20:10:17,330 [Worker-15: Building] INFO  o.e.m.c.i.embedder.EclipseLogger - skip non existing resourceDirectory C:\Users\tchand\Software\JavaWorkspace\Microservices_Workspace\MicroserviceWS2\Service-Registry\src\test\resources
2020-12-01 20:14:42,505 [Worker-0: Loading available Gradle versions] INFO  o.e.b.c.i.u.g.PublishedGradleVersions - Gradle version information cache is up-to-date. Trying to read.
2020-12-01 20:26:34,834 [Worker-6: Building] INFO  o.e.m.c.i.embedder.EclipseLogger - Using 'UTF-8' encoding to copy filtered resources.
2020-12-01 20:26:34,844 [Worker-6: Building] INFO  o.e.m.c.i.embedder.EclipseLogger - Using 'UTF-8' encoding to copy filtered properties files.
2020-12-01 20:26:34,850 [Worker-6: Building] INFO  o.e.m.c.i.embedder.EclipseLogger - Copying 2 resources
2020-12-01 20:26:34,887 [Worker-6: Building] INFO  o.e.m.c.i.embedder.EclipseLogger - Copying 0 resource
2020-12-01 20:26:34,887 [Worker-6: Building] INFO  o.e.m.c.i.embedder.EclipseLogger - The encoding used to copy filtered properties files have not been set. This means that the same encoding will be used to copy filtered properties files as when copying other filtered resources. This might not be what you want! Run your build with --debug to see which files might be affected. Read more at https://maven.apache.org/plugins/maven-resources-plugin/examples/filtering-properties-files.html
2020-12-01 20:26:34,890 [Worker-6: Building] INFO  o.e.m.c.i.embedder.EclipseLogger - Using 'UTF-8' encoding to copy filtered resources.
2020-12-01 20:26:34,891 [Worker-6: Building] INFO  o.e.m.c.i.embedder.EclipseLogger - Using 'UTF-8' encoding to copy filtered properties files.
2020-12-01 20:26:34,891 [Worker-6: Building] INFO  o.e.m.c.i.embedder.EclipseLogger - skip non existing resourceDirectory C:\Users\tchand\Software\JavaWorkspace\Microservices_Workspace\MicroserviceWS2\Service-Registry\src\test\resources
2020-12-01 20:33:27,489 [main] INFO  o.e.m2e.actions.ExecutePomAction - Creating new launch configuration
2020-12-01 20:33:37,608 [Worker-11: Launching Service-Registry] INFO  o.e.m.i.launch.MavenLaunchDelegate - C:\Users\tchand\Software\JavaWorkspace\Microservices_Workspace\MicroserviceWS2\Service-Registry
2020-12-01 20:33:37,616 [Worker-11: Launching Service-Registry] INFO  o.e.m.i.launch.MavenLaunchDelegate -  mvn -Ppom.xml -B spring-boot:run -Dstyle.color=always
2020-12-01 20:34:58,735 [Worker-21: Building] INFO  o.e.m.c.i.embedder.EclipseLogger - Using 'UTF-8' encoding to copy filtered resources.
2020-12-01 20:34:58,735 [Worker-21: Building] INFO  o.e.m.c.i.embedder.EclipseLogger - Using 'UTF-8' encoding to copy filtered properties files.
2020-12-01 20:34:58,747 [Worker-21: Building] INFO  o.e.m.c.i.embedder.EclipseLogger - Copying 2 resources
2020-12-01 20:34:58,952 [Worker-21: Building] INFO  o.e.m.c.i.embedder.EclipseLogger - Copying 0 resource
2020-12-01 20:34:58,952 [Worker-21: Building] INFO  o.e.m.c.i.embedder.EclipseLogger - The encoding used to copy filtered properties files have not been set. This means that the same encoding will be used to copy filtered properties files as when copying other filtered resources. This might not be what you want! Run your build with --debug to see which files might be affected. Read more at https://maven.apache.org/plugins/maven-resources-plugin/examples/filtering-properties-files.html
2020-12-01 20:34:58,957 [Worker-21: Building] INFO  o.e.m.c.i.embedder.EclipseLogger - Using 'UTF-8' encoding to copy filtered resources.
2020-12-01 20:34:58,957 [Worker-21: Building] INFO  o.e.m.c.i.embedder.EclipseLogger - Using 'UTF-8' encoding to copy filtered properties files.
2020-12-01 20:34:58,957 [Worker-21: Building] INFO  o.e.m.c.i.embedder.EclipseLogger - skip non existing resourceDirectory C:\Users\tchand\Software\JavaWorkspace\Microservices_Workspace\MicroserviceWS2\Service-Registry\src\test\resources
2020-12-01 20:35:05,407 [main] INFO  o.e.m2e.actions.ExecutePomAction - Using existing launch configuration
2020-12-01 20:35:05,691 [Worker-19: Launching Service-Registry] INFO  o.e.m.i.launch.MavenLaunchDelegate - C:\Users\tchand\Software\JavaWorkspace\Microservices_Workspace\MicroserviceWS2\Service-Registry
2020-12-01 20:35:05,691 [Worker-19: Launching Service-Registry] INFO  o.e.m.i.launch.MavenLaunchDelegate -  mvn -Ppom.xml -B spring-boot:run -Dstyle.color=always
2020-12-01 20:37:16,172 [main] INFO  o.e.m2e.actions.ExecutePomAction - Using existing launch configuration
2020-12-01 20:37:16,409 [Worker-23: Launching Service-Registry] INFO  o.e.m.i.launch.MavenLaunchDelegate - C:\Users\tchand\Software\JavaWorkspace\Microservices_Workspace\MicroserviceWS2\Service-Registry
2020-12-01 20:37:16,409 [Worker-23: Launching Service-Registry] INFO  o.e.m.i.launch.MavenLaunchDelegate -  mvn -Ppom.xml -B spring-boot:run -Dstyle.color=always
2020-12-02 12:06:23,543 [Worker-100: Launching Service-Registry] INFO  o.e.m.i.launch.MavenLaunchDelegate - C:\Users\tchand\Software\JavaWorkspace\Microservices_Workspace\MicroserviceWS2\Service-Registry
2020-12-02 12:06:23,560 [Worker-100: Launching Service-Registry] INFO  o.e.m.i.launch.MavenLaunchDelegate -  mvn -Ppom.xml -B spring-boot:run -Dstyle.color=always
2020-12-02 12:29:10,146 [main] INFO  o.e.m2e.actions.ExecutePomAction - Using existing launch configuration
2020-12-02 12:29:11,501 [Worker-11: Launching Service-Registry] INFO  o.e.m.i.launch.MavenLaunchDelegate - C:\Users\tchand\Software\JavaWorkspace\Microservices_Workspace\MicroserviceWS2\Service-Registry
2020-12-02 12:29:11,502 [Worker-11: Launching Service-Registry] INFO  o.e.m.i.launch.MavenLaunchDelegate -  mvn -Ppom.xml -B spring-boot:run -Dstyle.color=always
2020-12-02 12:41:13,758 [main] INFO  o.e.m2e.actions.ExecutePomAction - Using existing launch configuration
2020-12-02 12:41:14,379 [Worker-105: Launching Service-Registry] INFO  o.e.m.i.launch.MavenLaunchDelegate - C:\Users\tchand\Software\JavaWorkspace\Microservices_Workspace\MicroserviceWS2\Service-Registry
2020-12-02 12:41:14,379 [Worker-105: Launching Service-Registry] INFO  o.e.m.i.launch.MavenLaunchDelegate -  mvn -Ppom.xml -B spring-boot:run -Dstyle.color=always
2020-12-02 15:45:32,900 [Worker-1: Loading available Gradle versions] INFO  o.e.b.c.i.u.g.PublishedGradleVersions - Gradle version information cache is up-to-date. Trying to read.
2020-12-02 15:47:06,694 [main] INFO  o.e.m2e.actions.ExecutePomAction - Using existing launch configuration
2020-12-02 15:47:06,920 [Worker-3: Launching Service-Registry] INFO  o.e.m.i.launch.MavenLaunchDelegate - C:\Users\tchand\Software\JavaWorkspace\Microservices_Workspace\MicroserviceWS2\Service-Registry
2020-12-02 15:47:06,921 [Worker-3: Launching Service-Registry] INFO  o.e.m.i.launch.MavenLaunchDelegate -  mvn -Ppom.xml -B spring-boot:run -Dstyle.color=always
2021-01-11 18:51:26,365 [Worker-1: Loading available Gradle versions] INFO  o.e.b.c.i.u.g.PublishedGradleVersions - Gradle version information cache is up-to-date. Trying to read.
2021-01-11 19:26:17,346 [Worker-11: Launching Service-Registry - ServiceRegistryApplication] INFO  o.e.m.c.i.embedder.EclipseLogger - Using 'UTF-8' encoding to copy filtered resources.
2021-01-11 19:26:17,347 [Worker-11: Launching Service-Registry - ServiceRegistryApplication] INFO  o.e.m.c.i.embedder.EclipseLogger - Using 'UTF-8' encoding to copy filtered properties files.
2021-01-11 19:26:17,355 [Worker-11: Launching Service-Registry - ServiceRegistryApplication] INFO  o.e.m.c.i.embedder.EclipseLogger - Copying 2 resources
2021-01-11 19:26:17,400 [Worker-11: Launching Service-Registry - ServiceRegistryApplication] INFO  o.e.m.c.i.embedder.EclipseLogger - Copying 0 resource
2021-01-11 19:26:17,401 [Worker-11: Launching Service-Registry - ServiceRegistryApplication] INFO  o.e.m.c.i.embedder.EclipseLogger - The encoding used to copy filtered properties files have not been set. This means that the same encoding will be used to copy filtered properties files as when copying other filtered resources. This might not be what you want! Run your build with --debug to see which files might be affected. Read more at https://maven.apache.org/plugins/maven-resources-plugin/examples/filtering-properties-files.html
2021-01-11 19:26:17,404 [Worker-11: Launching Service-Registry - ServiceRegistryApplication] INFO  o.e.m.c.i.embedder.EclipseLogger - Using 'UTF-8' encoding to copy filtered resources.
2021-01-11 19:26:17,404 [Worker-11: Launching Service-Registry - ServiceRegistryApplication] INFO  o.e.m.c.i.embedder.EclipseLogger - Using 'UTF-8' encoding to copy filtered properties files.
2021-01-11 19:26:17,405 [Worker-11: Launching Service-Registry - ServiceRegistryApplication] INFO  o.e.m.c.i.embedder.EclipseLogger - skip non existing resourceDirectory C:\Users\tchand\Software\JavaWorkspace\Microservices_Workspace\MicroserviceWS2\Service-Registry\src\test\resources
2021-01-11 19:29:35,044 [Worker-15: Building] INFO  o.e.m.c.i.embedder.EclipseLogger - Using 'UTF-8' encoding to copy filtered resources.
2021-01-11 19:29:35,047 [Worker-15: Building] INFO  o.e.m.c.i.embedder.EclipseLogger - Using 'UTF-8' encoding to copy filtered properties files.
2021-01-11 19:29:35,055 [Worker-15: Building] INFO  o.e.m.c.i.embedder.EclipseLogger - Copying 1 resource
2021-01-11 19:29:35,219 [Worker-15: Building] INFO  o.e.m.c.i.embedder.EclipseLogger - Copying 0 resource
2021-01-11 19:29:35,227 [Worker-15: Building] INFO  o.e.m.c.i.embedder.EclipseLogger - Using 'UTF-8' encoding to copy filtered resources.
2021-01-11 19:29:35,227 [Worker-15: Building] INFO  o.e.m.c.i.embedder.EclipseLogger - Using 'UTF-8' encoding to copy filtered properties files.
2021-01-11 19:29:35,227 [Worker-15: Building] INFO  o.e.m.c.i.embedder.EclipseLogger - skip non existing resourceDirectory C:\Users\tchand\Software\JavaWorkspace\Microservices_Workspace\MicroserviceWS2\Service-Registry\src\test\resources
2021-01-11 19:30:08,377 [Worker-11: Building] INFO  o.e.m.c.i.embedder.EclipseLogger - Using 'UTF-8' encoding to copy filtered resources.
2021-01-11 19:30:08,384 [Worker-11: Building] INFO  o.e.m.c.i.embedder.EclipseLogger - Using 'UTF-8' encoding to copy filtered properties files.
2021-01-11 19:30:08,385 [Worker-11: Building] INFO  o.e.m.c.i.embedder.EclipseLogger - Copying 1 resource
2021-01-11 19:30:08,408 [Worker-11: Building] INFO  o.e.m.c.i.embedder.EclipseLogger - Copying 0 resource
2021-01-11 19:30:08,415 [Worker-11: Building] INFO  o.e.m.c.i.embedder.EclipseLogger - Using 'UTF-8' encoding to copy filtered resources.
2021-01-11 19:30:08,415 [Worker-11: Building] INFO  o.e.m.c.i.embedder.EclipseLogger - Using 'UTF-8' encoding to copy filtered properties files.
2021-01-11 19:30:08,416 [Worker-11: Building] INFO  o.e.m.c.i.embedder.EclipseLogger - skip non existing resourceDirectory C:\Users\tchand\Software\JavaWorkspace\Microservices_Workspace\MicroserviceWS2\Service-Registry\src\test\resources
2021-01-11 19:32:47,172 [Worker-22: Building] INFO  o.e.m.c.i.embedder.EclipseLogger - Using 'UTF-8' encoding to copy filtered resources.
2021-01-11 19:32:47,177 [Worker-22: Building] INFO  o.e.m.c.i.embedder.EclipseLogger - Using 'UTF-8' encoding to copy filtered properties files.
2021-01-11 19:32:47,177 [Worker-22: Building] INFO  o.e.m.c.i.embedder.EclipseLogger - Copying 1 resource
2021-01-11 19:32:47,208 [Worker-22: Building] INFO  o.e.m.c.i.embedder.EclipseLogger - Copying 0 resource
2021-01-11 19:32:47,212 [Worker-22: Building] INFO  o.e.m.c.i.embedder.EclipseLogger - Using 'UTF-8' encoding to copy filtered resources.
2021-01-11 19:32:47,213 [Worker-22: Building] INFO  o.e.m.c.i.embedder.EclipseLogger - Using 'UTF-8' encoding to copy filtered properties files.
2021-01-11 19:32:47,213 [Worker-22: Building] INFO  o.e.m.c.i.embedder.EclipseLogger - skip non existing resourceDirectory C:\Users\tchand\Software\JavaWorkspace\Microservices_Workspace\MicroserviceWS2\Service-Registry\src\test\resources
